<?xml version="1.0" encoding="UTF-8"?>
<!-- Generated by org.testng.reporters.JUnitReportReporter -->
<testsuite hostname="sjo-mp4se" failures="0" tests="4" name="com.example.TestDemo" time="3.271" errors="0" timestamp="2024-01-18T08:44:30 CST" skipped="0">
  <testcase classname="com.example.TestDemo" name="verifyBodyErrorMsgIsSuccess" time="2.268"/>
  <testcase classname="com.example.TestDemo" name="verifyGetAPI" time="0.276"/>
  <testcase classname="com.example.TestDemo" name="verifyPostAPI" time="0.306"/>
  <testcase classname="com.example.TestDemo" name="verifyMessageLenghtEqualTo" time="0.421"/>
</testsuite> <!-- com.example.TestDemo -->
